Build started 2016-05-15 01:21:28.
     1>Project "C:\Users\Patryk\Desktop\Skróty\Repos\AR1\AR1.vcxproj" on node 2 (Build target(s)).
     1>Link:
         E:\Programy 2\VS comunity\VC\bin\link.exe /ERRORREPORT:PROMPT /OUT:"C:\Users\Patryk\Desktop\Skróty\Repos\AR1\Debug\AR1.exe" /INCREMENTAL /NOLOGO cxx.lib fmpich2g.lib fmpich2.lib mpe.lib mpi.lib kernel32.lib user32.lib gdi32.lib winspool.lib comdlg32.lib advapi32.lib shell32.lib ole32.lib oleaut32.lib uuid.lib odbc32.lib odbccp32.lib /MANIFEST /MANIFESTUAC:"level='asInvoker' uiAccess='false'" /manifest:embed /Debug /PDB:"C:\Users\Patryk\Desktop\Skróty\Repos\AR1\Debug\AR1.pdb" /TLBID:1 /DYNAMICBASE /NXCOMPAT /IMPLIB:"C:\Users\Patryk\Desktop\Skróty\Repos\AR1\Debug\AR1.lib" /MACHINE:X86 Debug\Source.obj
     1>LINK : fatal error LNK1168: cannot open C:\Users\Patryk\Desktop\Skróty\Repos\AR1\Debug\AR1.exe for writing
     1>Done Building Project "C:\Users\Patryk\Desktop\Skróty\Repos\AR1\AR1.vcxproj" (Build target(s)) -- FAILED.

Build FAILED.

Time Elapsed 00:00:00.15
